[2020-10-13 14:54:54.471] [org.springframework.test.context.support.AbstractTestContextBootstrapper] [main] [248] [INFO ] Loaded default TestExecutionListener class names from location [META-INF/spring.factories]: [org.springframework.test.context.web.ServletTestExecutionListener, org.springframework.test.context.support.DirtiesContextBeforeModesTestExecutionListener, org.springframework.test.context.support.DependencyInjectionTestExecutionListener, org.springframework.test.context.support.DirtiesContextTestExecutionListener, org.springframework.test.context.transaction.TransactionalTestExecutionListener, org.springframework.test.context.jdbc.SqlScriptsTestExecutionListener, org.springframework.test.context.event.EventPublishingTestExecutionListener]
[2020-10-13 14:54:54.534] [org.springframework.test.context.support.AbstractTestContextBootstrapper] [main] [177] [INFO ] Using TestExecutionListeners: [org.springframework.test.context.web.ServletTestExecutionListener@8519cb4, org.springframework.test.context.support.DirtiesContextBeforeModesTestExecutionListener@35dab4eb, org.springframework.test.context.support.DependencyInjectionTestExecutionListener@2d901eb0, org.springframework.test.context.support.DirtiesContextTestExecutionListener@3ba987b8, org.springframework.test.context.transaction.TransactionalTestExecutionListener@3f191845, org.springframework.test.context.jdbc.SqlScriptsTestExecutionListener@5f049ea1, org.springframework.test.context.event.EventPublishingTestExecutionListener@72cc7e6f]
[2020-10-13 14:54:59.279] [com.alibaba.druid.pool.DruidDataSource] [main] [947] [INFO ] {dataSource-1} inited
[2020-10-13 14:54:59.299] [org.apache.ibatis.cache.decorators.LoggingCache] [main] [62] [DEBUG] Cache Hit Ratio [com.ssm.mapper.UserMapper]: 0.0
[2020-10-13 14:54:59.311] [org.apache.ibatis.logging.jdbc.BaseJdbcLogger] [main] [159] [DEBUG] ==>  Preparing: select * from sys_user 
[2020-10-13 14:54:59.381] [org.apache.ibatis.logging.jdbc.BaseJdbcLogger] [main] [159] [DEBUG] ==> Parameters: 
[2020-10-13 14:55:31.929] [org.apache.ibatis.logging.jdbc.BaseJdbcLogger] [main] [159] [DEBUG] <==      Total: 27964
[2020-10-13 14:55:33.101] [com.alibaba.druid.pool.DruidDataSource] [SpringContextShutdownHook] [1863] [INFO ] {dataSource-1} closed
[2020-10-13 15:00:57.803] [org.springframework.test.context.support.AbstractTestContextBootstrapper] [main] [248] [INFO ] Loaded default TestExecutionListener class names from location [META-INF/spring.factories]: [org.springframework.test.context.web.ServletTestExecutionListener, org.springframework.test.context.support.DirtiesContextBeforeModesTestExecutionListener, org.springframework.test.context.support.DependencyInjectionTestExecutionListener, org.springframework.test.context.support.DirtiesContextTestExecutionListener, org.springframework.test.context.transaction.TransactionalTestExecutionListener, org.springframework.test.context.jdbc.SqlScriptsTestExecutionListener, org.springframework.test.context.event.EventPublishingTestExecutionListener]
[2020-10-13 15:00:57.830] [org.springframework.test.context.support.AbstractTestContextBootstrapper] [main] [177] [INFO ] Using TestExecutionListeners: [org.springframework.test.context.web.ServletTestExecutionListener@8519cb4, org.springframework.test.context.support.DirtiesContextBeforeModesTestExecutionListener@35dab4eb, org.springframework.test.context.support.DependencyInjectionTestExecutionListener@2d901eb0, org.springframework.test.context.support.DirtiesContextTestExecutionListener@3ba987b8, org.springframework.test.context.transaction.TransactionalTestExecutionListener@3f191845, org.springframework.test.context.jdbc.SqlScriptsTestExecutionListener@5f049ea1, org.springframework.test.context.event.EventPublishingTestExecutionListener@72cc7e6f]
[2020-10-13 15:01:01.960] [com.alibaba.druid.pool.DruidDataSource] [main] [947] [INFO ] {dataSource-1} inited
[2020-10-13 15:01:01.981] [org.apache.ibatis.cache.decorators.LoggingCache] [main] [62] [DEBUG] Cache Hit Ratio [com.ssm.mapper.UserMapper]: 0.0
[2020-10-13 15:01:02.007] [org.apache.ibatis.logging.jdbc.BaseJdbcLogger] [main] [159] [DEBUG] ==>  Preparing: select * from sys_user 
[2020-10-13 15:01:02.100] [org.apache.ibatis.logging.jdbc.BaseJdbcLogger] [main] [159] [DEBUG] ==> Parameters: 
[2020-10-13 15:01:16.415] [org.apache.ibatis.logging.jdbc.BaseJdbcLogger] [main] [159] [DEBUG] <==      Total: 27964
[2020-10-13 15:01:16.868] [org.apache.ibatis.cache.decorators.LoggingCache] [main] [62] [DEBUG] Cache Hit Ratio [com.ssm.mapper.UserMapper]: 0.5
[2020-10-13 15:01:17.766] [com.alibaba.druid.pool.DruidDataSource] [SpringContextShutdownHook] [1863] [INFO ] {dataSource-1} closed
[2020-10-13 15:04:29.692] [org.springframework.test.context.support.AbstractTestContextBootstrapper] [main] [248] [INFO ] Loaded default TestExecutionListener class names from location [META-INF/spring.factories]: [org.springframework.test.context.web.ServletTestExecutionListener, org.springframework.test.context.support.DirtiesContextBeforeModesTestExecutionListener, org.springframework.test.context.support.DependencyInjectionTestExecutionListener, org.springframework.test.context.support.DirtiesContextTestExecutionListener, org.springframework.test.context.transaction.TransactionalTestExecutionListener, org.springframework.test.context.jdbc.SqlScriptsTestExecutionListener, org.springframework.test.context.event.EventPublishingTestExecutionListener]
[2020-10-13 15:04:29.729] [org.springframework.test.context.support.AbstractTestContextBootstrapper] [main] [177] [INFO ] Using TestExecutionListeners: [org.springframework.test.context.web.ServletTestExecutionListener@8519cb4, org.springframework.test.context.support.DirtiesContextBeforeModesTestExecutionListener@35dab4eb, org.springframework.test.context.support.DependencyInjectionTestExecutionListener@2d901eb0, org.springframework.test.context.support.DirtiesContextTestExecutionListener@3ba987b8, org.springframework.test.context.transaction.TransactionalTestExecutionListener@3f191845, org.springframework.test.context.jdbc.SqlScriptsTestExecutionListener@5f049ea1, org.springframework.test.context.event.EventPublishingTestExecutionListener@72cc7e6f]
[2020-10-13 15:04:35.686] [com.alibaba.druid.pool.DruidDataSource] [main] [947] [INFO ] {dataSource-1} inited
[2020-10-13 15:04:35.706] [org.apache.ibatis.cache.decorators.LoggingCache] [main] [62] [DEBUG] Cache Hit Ratio [com.ssm.mapper.UserMapper]: 0.0
[2020-10-13 15:04:35.721] [org.apache.ibatis.logging.jdbc.BaseJdbcLogger] [main] [159] [DEBUG] ==>  Preparing: select * from sys_user 
[2020-10-13 15:04:35.792] [org.apache.ibatis.logging.jdbc.BaseJdbcLogger] [main] [159] [DEBUG] ==> Parameters: 
[2020-10-13 15:05:12.221] [org.apache.ibatis.logging.jdbc.BaseJdbcLogger] [main] [159] [DEBUG] <==      Total: 27964
[2020-10-13 15:05:12.882] [com.alibaba.druid.pool.DruidDataSource] [SpringContextShutdownHook] [1863] [INFO ] {dataSource-1} closed
